<?xml version="1.0" encoding="UTF-8"?>
<!-- Generated by org.testng.reporters.JUnitXMLReporter -->
<testsuite ignored="0" hostname="Sciencefreek" failures="0" tests="4" name="chromeTest" time="48.989" errors="0" timestamp="2024-05-29T14:43:25 IST">
  <testcase classname="konnectify.tests.Signup_Test1" name="signupTest" time="14.752"/>
  <testcase classname="konnectify.tests.Signup_Test2" name="signupTest" time="11.857"/>
  <testcase classname="konnectify.tests.LoginTest1" name="LoginTest" time="10.164"/>
  <testcase classname="konnectify.tests.LoginTest2" name="LoginTest" time="12.157"/>
</testsuite> <!-- chromeTest -->
