<?xml version="1.0" encoding="UTF-8"?>
<testng-results ignored="0" total="2" passed="2" failed="0" skipped="0">
  <reporter-output>
  </reporter-output>
  <suite started-at="2024-05-29T13:05:14 IST" name="Suite" finished-at="2024-05-29T13:05:36 IST" duration-ms="22173">
    <groups>
    </groups>
    <test started-at="2024-05-29T13:05:14 IST" name="chromeTest" finished-at="2024-05-29T13:05:36 IST" duration-ms="22173">
      <class name="konnectify.utils.Reports">
        <test-method is-config="true" signature="startReport()[pri:0, instance:konnectify.utils.Reports@4c12331b]" started-at="2024-05-29T13:05:14 IST" name="startReport" finished-at="2024-05-29T13:05:14 IST" duration-ms="225" status="PASS">
          <reporter-output>
          </reporter-output>
        </test-method> <!-- startReport -->
        <test-method is-config="true" signature="endReport()[pri:0, instance:konnectify.utils.Reports@4c12331b]" started-at="2024-05-29T13:05:36 IST" name="endReport" finished-at="2024-05-29T13:05:36 IST" duration-ms="322" status="PASS">
          <reporter-output>
          </reporter-output>
        </test-method> <!-- endReport -->
      </class> <!-- konnectify.utils.Reports -->
      <class name="konnectify.tests.Signup_Test2">
        <test-method signature="signupTest(java.lang.String,java.lang.String)[pri:0, instance:konnectify.tests.Signup_Test2@3eb25e1a]" started-at="2024-05-29T13:05:26 IST" name="signupTest" finished-at="2024-05-29T13:05:36 IST" duration-ms="9898" status="PASS">
          <params>
            <param index="0">
              <value>
                <![CDATA[chrome]]>
              </value>
            </param>
            <param index="1">
              <value>
                <![CDATA[https://chitti2.konnectify.io/login]]>
              </value>
            </param>
          </params>
          <reporter-output>
          </reporter-output>
        </test-method> <!-- signupTest -->
      </class> <!-- konnectify.tests.Signup_Test2 -->
      <class name="konnectify.tests.Signup_Test1">
        <test-method signature="signupTest(java.lang.String,java.lang.String)[pri:0, instance:konnectify.tests.Signup_Test1@6743e411]" started-at="2024-05-29T13:05:14 IST" name="signupTest" finished-at="2024-05-29T13:05:26 IST" duration-ms="12230" status="PASS">
          <params>
            <param index="0">
              <value>
                <![CDATA[chrome]]>
              </value>
            </param>
            <param index="1">
              <value>
                <![CDATA[https://chitti2.konnectify.io/login]]>
              </value>
            </param>
          </params>
          <reporter-output>
          </reporter-output>
        </test-method> <!-- signupTest -->
      </class> <!-- konnectify.tests.Signup_Test1 -->
    </test> <!-- chromeTest -->
  </suite> <!-- Suite -->
</testng-results>
